C:\Users\a.bakunovich\source\repos\TODO\TODO-UI\wwwroot\lib\redux\test\typescript\actionCreators.js
C:\Users\a.bakunovich\source\repos\TODO\TODO-UI\wwwroot\lib\redux\test\typescript\actions.js
C:\Users\a.bakunovich\source\repos\TODO\TODO-UI\wwwroot\lib\redux\test\typescript\compose.js
C:\Users\a.bakunovich\source\repos\TODO\TODO-UI\wwwroot\lib\redux\test\typescript\dispatch.js
C:\Users\a.bakunovich\source\repos\TODO\TODO-UI\wwwroot\lib\redux\test\typescript\enhancers.js
C:\Users\a.bakunovich\source\repos\TODO\TODO-UI\wwwroot\lib\redux\test\typescript\injectedDispatch.js
C:\Users\a.bakunovich\source\repos\TODO\TODO-UI\wwwroot\lib\redux\test\typescript\middleware.js
C:\Users\a.bakunovich\source\repos\TODO\TODO-UI\wwwroot\lib\redux\test\typescript\reducers.js
C:\Users\a.bakunovich\source\repos\TODO\TODO-UI\wwwroot\lib\redux\test\typescript\store.js
C:\Users\a.bakunovich\source\repos\TODO\TODO-UI\wwwroot\lib\redux\test\typescript\actionCreators.js
C:\Users\a.bakunovich\source\repos\TODO\TODO-UI\wwwroot\lib\redux\test\typescript\actions.js
C:\Users\a.bakunovich\source\repos\TODO\TODO-UI\wwwroot\lib\redux\test\typescript\compose.js
C:\Users\a.bakunovich\source\repos\TODO\TODO-UI\wwwroot\lib\redux\test\typescript\dispatch.js
C:\Users\a.bakunovich\source\repos\TODO\TODO-UI\wwwroot\lib\redux\test\typescript\enhancers.js
C:\Users\a.bakunovich\source\repos\TODO\TODO-UI\wwwroot\lib\redux\test\typescript\injectedDispatch.js
C:\Users\a.bakunovich\source\repos\TODO\TODO-UI\wwwroot\lib\redux\test\typescript\middleware.js
C:\Users\a.bakunovich\source\repos\TODO\TODO-UI\wwwroot\lib\redux\test\typescript\reducers.js
C:\Users\a.bakunovich\source\repos\TODO\TODO-UI\wwwroot\lib\redux\test\typescript\store.js
C:\Users\a.bakunovich\source\repos\TODO\TODO-UI\wwwroot\lib\redux\test\typescript\actionCreators.js
C:\Users\a.bakunovich\source\repos\TODO\TODO-UI\wwwroot\lib\redux\test\typescript\actions.js
C:\Users\a.bakunovich\source\repos\TODO\TODO-UI\wwwroot\lib\redux\test\typescript\compose.js
C:\Users\a.bakunovich\source\repos\TODO\TODO-UI\wwwroot\lib\redux\test\typescript\dispatch.js
C:\Users\a.bakunovich\source\repos\TODO\TODO-UI\wwwroot\lib\redux\test\typescript\enhancers.js
C:\Users\a.bakunovich\source\repos\TODO\TODO-UI\wwwroot\lib\redux\test\typescript\injectedDispatch.js
C:\Users\a.bakunovich\source\repos\TODO\TODO-UI\wwwroot\lib\redux\test\typescript\middleware.js
C:\Users\a.bakunovich\source\repos\TODO\TODO-UI\wwwroot\lib\redux\test\typescript\reducers.js
C:\Users\a.bakunovich\source\repos\TODO\TODO-UI\wwwroot\lib\redux\test\typescript\store.js
C:\Users\a.bakunovich\source\repos\TODO\TODO-UI\wwwroot\lib\redux\test\typescript\actionCreators.js
C:\Users\a.bakunovich\source\repos\TODO\TODO-UI\wwwroot\lib\redux\test\typescript\actions.js
C:\Users\a.bakunovich\source\repos\TODO\TODO-UI\wwwroot\lib\redux\test\typescript\compose.js
C:\Users\a.bakunovich\source\repos\TODO\TODO-UI\wwwroot\lib\redux\test\typescript\dispatch.js
C:\Users\a.bakunovich\source\repos\TODO\TODO-UI\wwwroot\lib\redux\test\typescript\enhancers.js
C:\Users\a.bakunovich\source\repos\TODO\TODO-UI\wwwroot\lib\redux\test\typescript\injectedDispatch.js
C:\Users\a.bakunovich\source\repos\TODO\TODO-UI\wwwroot\lib\redux\test\typescript\middleware.js
C:\Users\a.bakunovich\source\repos\TODO\TODO-UI\wwwroot\lib\redux\test\typescript\reducers.js
C:\Users\a.bakunovich\source\repos\TODO\TODO-UI\wwwroot\lib\redux\test\typescript\store.js
C:\Users\a.bakunovich\source\repos\TODO\TODO-UI\wwwroot\lib\redux\test\typescript\actionCreators.js
C:\Users\a.bakunovich\source\repos\TODO\TODO-UI\wwwroot\lib\redux\test\typescript\actions.js
C:\Users\a.bakunovich\source\repos\TODO\TODO-UI\wwwroot\lib\redux\test\typescript\compose.js
C:\Users\a.bakunovich\source\repos\TODO\TODO-UI\wwwroot\lib\redux\test\typescript\dispatch.js
C:\Users\a.bakunovich\source\repos\TODO\TODO-UI\wwwroot\lib\redux\test\typescript\enhancers.js
C:\Users\a.bakunovich\source\repos\TODO\TODO-UI\wwwroot\lib\redux\test\typescript\injectedDispatch.js
C:\Users\a.bakunovich\source\repos\TODO\TODO-UI\wwwroot\lib\redux\test\typescript\middleware.js
C:\Users\a.bakunovich\source\repos\TODO\TODO-UI\wwwroot\lib\redux\test\typescript\reducers.js
C:\Users\a.bakunovich\source\repos\TODO\TODO-UI\wwwroot\lib\redux\test\typescript\store.js
C:\Users\a.bakunovich\source\repos\TODO\TODO-UI\wwwroot\lib\redux\test\typescript\actionCreators.js
C:\Users\a.bakunovich\source\repos\TODO\TODO-UI\wwwroot\lib\redux\test\typescript\actions.js
C:\Users\a.bakunovich\source\repos\TODO\TODO-UI\wwwroot\lib\redux\test\typescript\compose.js
C:\Users\a.bakunovich\source\repos\TODO\TODO-UI\wwwroot\lib\redux\test\typescript\dispatch.js
C:\Users\a.bakunovich\source\repos\TODO\TODO-UI\wwwroot\lib\redux\test\typescript\enhancers.js
C:\Users\a.bakunovich\source\repos\TODO\TODO-UI\wwwroot\lib\redux\test\typescript\injectedDispatch.js
C:\Users\a.bakunovich\source\repos\TODO\TODO-UI\wwwroot\lib\redux\test\typescript\middleware.js
C:\Users\a.bakunovich\source\repos\TODO\TODO-UI\wwwroot\lib\redux\test\typescript\reducers.js
C:\Users\a.bakunovich\source\repos\TODO\TODO-UI\wwwroot\lib\redux\test\typescript\store.js
C:\Users\a.bakunovich\source\repos\TODO\TODO-UI\wwwroot\lib\redux\test\typescript\actionCreators.js
C:\Users\a.bakunovich\source\repos\TODO\TODO-UI\wwwroot\lib\redux\test\typescript\actions.js
C:\Users\a.bakunovich\source\repos\TODO\TODO-UI\wwwroot\lib\redux\test\typescript\compose.js
C:\Users\a.bakunovich\source\repos\TODO\TODO-UI\wwwroot\lib\redux\test\typescript\dispatch.js
C:\Users\a.bakunovich\source\repos\TODO\TODO-UI\wwwroot\lib\redux\test\typescript\enhancers.js
C:\Users\a.bakunovich\source\repos\TODO\TODO-UI\wwwroot\lib\redux\test\typescript\injectedDispatch.js
C:\Users\a.bakunovich\source\repos\TODO\TODO-UI\wwwroot\lib\redux\test\typescript\middleware.js
C:\Users\a.bakunovich\source\repos\TODO\TODO-UI\wwwroot\lib\redux\test\typescript\reducers.js
C:\Users\a.bakunovich\source\repos\TODO\TODO-UI\wwwroot\lib\redux\test\typescript\store.js
C:\Users\a.bakunovich\source\repos\TODO\TODO-UI\wwwroot\lib\redux\test\typescript\actionCreators.js
C:\Users\a.bakunovich\source\repos\TODO\TODO-UI\wwwroot\lib\redux\test\typescript\actions.js
C:\Users\a.bakunovich\source\repos\TODO\TODO-UI\wwwroot\lib\redux\test\typescript\compose.js
C:\Users\a.bakunovich\source\repos\TODO\TODO-UI\wwwroot\lib\redux\test\typescript\dispatch.js
C:\Users\a.bakunovich\source\repos\TODO\TODO-UI\wwwroot\lib\redux\test\typescript\enhancers.js
C:\Users\a.bakunovich\source\repos\TODO\TODO-UI\wwwroot\lib\redux\test\typescript\injectedDispatch.js
C:\Users\a.bakunovich\source\repos\TODO\TODO-UI\wwwroot\lib\redux\test\typescript\middleware.js
C:\Users\a.bakunovich\source\repos\TODO\TODO-UI\wwwroot\lib\redux\test\typescript\reducers.js
C:\Users\a.bakunovich\source\repos\TODO\TODO-UI\wwwroot\lib\redux\test\typescript\store.js
C:\Users\a.bakunovich\source\repos\TODO\TODO-UI\wwwroot\lib\redux\test\typescript\actionCreators.js
C:\Users\a.bakunovich\source\repos\TODO\TODO-UI\wwwroot\lib\redux\test\typescript\actions.js
C:\Users\a.bakunovich\source\repos\TODO\TODO-UI\wwwroot\lib\redux\test\typescript\compose.js
C:\Users\a.bakunovich\source\repos\TODO\TODO-UI\wwwroot\lib\redux\test\typescript\dispatch.js
C:\Users\a.bakunovich\source\repos\TODO\TODO-UI\wwwroot\lib\redux\test\typescript\enhancers.js
C:\Users\a.bakunovich\source\repos\TODO\TODO-UI\wwwroot\lib\redux\test\typescript\injectedDispatch.js
C:\Users\a.bakunovich\source\repos\TODO\TODO-UI\wwwroot\lib\redux\test\typescript\middleware.js
C:\Users\a.bakunovich\source\repos\TODO\TODO-UI\wwwroot\lib\redux\test\typescript\reducers.js
C:\Users\a.bakunovich\source\repos\TODO\TODO-UI\wwwroot\lib\redux\test\typescript\store.js
